[debug] [2023-05-01T20:07:51.854Z] ----------------------------------------------------------------------
[debug] [2023-05-01T20:07:51.857Z] Command:       C:\Program Files\nodejs\node.exe C:\Users\dsepu\AppData\Roaming\npm\node_modules\firebase-tools\lib\bin\firebase.js emulators:start --only functions
[debug] [2023-05-01T20:07:51.857Z] CLI Version:   9.23.1
[debug] [2023-05-01T20:07:51.857Z] Platform:      win32
[debug] [2023-05-01T20:07:51.858Z] Node Version:  v16.13.1
[debug] [2023-05-01T20:07:51.862Z] Time:          Mon May 01 2023 16:07:51 GMT-0400 (hora estándar de Chile)
[debug] [2023-05-01T20:07:51.863Z] ----------------------------------------------------------------------
[debug] 
[debug] [2023-05-01T20:07:51.866Z] >>> [apiv2][query] GET https://firebase-public.firebaseio.com/cli.json [none]
[debug] [2023-05-01T20:07:51.952Z] > command requires scopes: ["email","openid","https://www.googleapis.com/auth/cloudplatformprojects.readonly","https://www.googleapis.com/auth/firebase","https://www.googleapis.com/auth/cloud-platform"]
[debug] [2023-05-01T20:07:51.953Z] > authorizing via signed-in user (dansepdev@gmail.com)
[info] i  emulators: Starting emulators: functions {"metadata":{"emulator":{"name":"hub"},"message":"Starting emulators: functions"}}
[debug] [2023-05-01T20:07:51.986Z] [hub] writing locator at C:\Users\dsepu\AppData\Local\Temp\hub-portfolio-api-dansep.json
[warn] !  functions: The following emulators are not running, calls to these services from the Functions emulator will affect production: auth, firestore, database, hosting, pubsub, storage {"metadata":{"emulator":{"name":"functions"},"message":"The following emulators are not running, calls to these services from the Functions emulator will affect production: \u001b[1mauth, firestore, database, hosting, pubsub, storage\u001b[22m"}}
[warn] !  Your requested "node" version "14" doesn't match your global version "16" {"metadata":{"emulator":{"name":"functions"},"message":"Your requested \"node\" version \"14\" doesn't match your global version \"16\""}}
[debug] [2023-05-01T20:07:52.028Z] defaultcredentials: writing to file C:\Users\dsepu\AppData\Roaming\firebase\dansepdev_gmail_com_application_default_credentials.json
[debug] [2023-05-01T20:07:52.032Z] Setting GAC to C:\Users\dsepu\AppData\Roaming\firebase\dansepdev_gmail_com_application_default_credentials.json {"metadata":{"emulator":{"name":"functions"},"message":"Setting GAC to C:\\Users\\dsepu\\AppData\\Roaming\\firebase\\dansepdev_gmail_com_application_default_credentials.json"}}
[debug] [2023-05-01T20:07:52.034Z] > refreshing access token with scopes: []
[debug] [2023-05-01T20:07:52.035Z] >>> HTTP REQUEST POST https://www.googleapis.com/oauth2/v3/token  
 <request body omitted>
[debug] [2023-05-01T20:07:52.138Z] <<< HTTP RESPONSE 400 {"pragma":"no-cache","date":"Mon, 01 May 2023 20:07:45 GMT","cache-control":"no-cache, no-store, max-age=0, must-revalidate","expires":"Mon, 01 Jan 1990 00:00:00 GMT","content-type":"application/json; charset=utf-8","vary":"X-Origin, Referer, Origin,Accept-Encoding","server":"scaffolding on HTTPServer2","x-xss-protection":"0","x-frame-options":"SAMEORIGIN","x-content-type-options":"nosniff","alt-svc":"h3=\":443\"; ma=2592000,h3-29=\":443\"; ma=2592000","accept-ranges":"none","transfer-encoding":"chunked"}
[debug] [2023-05-01T20:07:52.139Z] >>> [apiv2][query] GET https://firebase.googleapis.com/v1beta1/projects/portfolio-api-dansep/adminSdkConfig [none]
[debug] [2023-05-01T20:07:52.230Z] <<< [apiv2][status] GET https://firebase.googleapis.com/v1beta1/projects/portfolio-api-dansep/adminSdkConfig 401
[debug] [2023-05-01T20:07:52.230Z] <<< [apiv2][body] GET https://firebase.googleapis.com/v1beta1/projects/portfolio-api-dansep/adminSdkConfig {"error":{"code":401,"message":"Request had invalid authentication credentials. Expected OAuth 2 access token, login cookie or other valid authentication credential. See https://developers.google.com/identity/sign-in/web/devconsole-project.","status":"UNAUTHENTICATED"}}
[debug] [2023-05-01T20:07:52.231Z] Failed to get Admin SDK config for portfolio-api-dansep, falling back to cache Failed to get Admin SDK for Firebase project portfolio-api-dansep. Please make sure the project exists and your account has permission to access it. {"name":"FirebaseError","children":[],"exit":2,"message":"Failed to get Admin SDK for Firebase project portfolio-api-dansep. Please make sure the project exists and your account has permission to access it.","original":{"name":"FirebaseError","children":[],"context":{"body":{"error":{"code":401,"message":"Request had invalid authentication credentials. Expected OAuth 2 access token, login cookie or other valid authentication credential. See https://developers.google.com/identity/sign-in/web/devconsole-project.","status":"UNAUTHENTICATED"}},"response":{"statusCode":401}},"exit":1,"message":"HTTP Error: 401, Request had invalid authentication credentials. Expected OAuth 2 access token, login cookie or other valid authentication credential. See https://developers.google.com/identity/sign-in/web/devconsole-project.","status":401},"status":500}
[debug] [2023-05-01T20:07:52.397Z] <<< [apiv2][status] GET https://firebase-public.firebaseio.com/cli.json 200
[debug] [2023-05-01T20:07:52.397Z] <<< [apiv2][body] GET https://firebase-public.firebaseio.com/cli.json {"cloudBuildErrorAfter":1594252800000,"cloudBuildWarnAfter":1590019200000,"defaultNode10After":1594252800000,"minVersion":"3.0.5","node8DeploysDisabledAfter":1613390400000,"node8RuntimeDisabledAfter":1615809600000,"node8WarnAfter":1600128000000}
[debug] [2023-05-01T20:07:52.505Z] Ignoring unsupported arg: auto_download {"metadata":{"emulator":{"name":"ui"},"message":"Ignoring unsupported arg: auto_download"}}
[debug] [2023-05-01T20:07:52.505Z] Ignoring unsupported arg: port {"metadata":{"emulator":{"name":"ui"},"message":"Ignoring unsupported arg: port"}}
[debug] [2023-05-01T20:07:52.506Z] Starting Emulator UI with command {"binary":"node","args":["C:\\Users\\dsepu\\.cache\\firebase\\emulators\\ui-v1.6.4\\server.bundle.js"],"optionalArgs":[],"joinArgs":false} {"metadata":{"emulator":{"name":"ui"},"message":"Starting Emulator UI with command {\"binary\":\"node\",\"args\":[\"C:\\\\Users\\\\dsepu\\\\.cache\\\\firebase\\\\emulators\\\\ui-v1.6.4\\\\server.bundle.js\"],\"optionalArgs\":[],\"joinArgs\":false}"}}
[info] i  ui: Emulator UI logging to ui-debug.log {"metadata":{"emulator":{"name":"ui"},"message":"Emulator UI logging to \u001b[1mui-debug.log\u001b[22m"}}
[debug] [2023-05-01T20:07:52.670Z] Web / API server started at localhost:4000
 {"metadata":{"emulator":{"name":"ui"},"message":"Web / API server started at localhost:4000\n"}}
[info] i  functions: Watching "D:\Projects\3.portfolio\portfolio-api\functions" for Cloud Functions... {"metadata":{"emulator":{"name":"functions"},"message":"Watching \"D:\\Projects\\3.portfolio\\portfolio-api\\functions\" for Cloud Functions..."}}
[debug] [2023-05-01T20:07:52.793Z] [worker-pool] addWorker(~diagnostic~) {"metadata":{"emulator":{"name":"functions"},"message":"[worker-pool] addWorker(~diagnostic~)"}}
[debug] [2023-05-01T20:07:52.793Z] [worker-pool] Adding worker with key ~diagnostic~, total=1 {"metadata":{"emulator":{"name":"functions"},"message":"[worker-pool] Adding worker with key ~diagnostic~, total=1"}}
[debug] [2023-05-01T20:07:52.793Z] [worker-pool] submitWork(triggerId=) {"metadata":{"emulator":{"name":"functions"},"message":"[worker-pool] submitWork(triggerId=)"}}
[debug] [2023-05-01T20:07:52.794Z] [worker-~diagnostic~-c8772cd6-327c-493e-9c25-b28f88e30ac7]: Assigning socketPath: \\?\pipe\D:\Projects\3.portfolio\portfolio-api\functions\27152 {"metadata":{"emulator":{"name":"functions"},"message":"[worker-~diagnostic~-c8772cd6-327c-493e-9c25-b28f88e30ac7]: Assigning socketPath: \\\\?\\pipe\\D:\\Projects\\3.portfolio\\portfolio-api\\functions\\27152"}}
[debug] [2023-05-01T20:07:52.795Z] [worker-~diagnostic~-c8772cd6-327c-493e-9c25-b28f88e30ac7]: BUSY {"metadata":{"emulator":{"name":"functions"},"message":"[worker-~diagnostic~-c8772cd6-327c-493e-9c25-b28f88e30ac7]: BUSY"}}
[debug] [2023-05-01T20:07:53.052Z] [runtime-status] [27152] Functions runtime initialized. {"cwd":"D:\\Projects\\3.portfolio\\portfolio-api\\functions","node_version":"16.13.1"} {"metadata":{"emulator":{"name":"functions"},"message":"[runtime-status] [27152] Functions runtime initialized. {\"cwd\":\"D:\\\\Projects\\\\3.portfolio\\\\portfolio-api\\\\functions\",\"node_version\":\"16.13.1\"}"}}
[debug] [2023-05-01T20:07:53.053Z] [runtime-status] [27152] Disabled runtime features: undefined {"metadata":{"emulator":{"name":"functions"},"message":"[runtime-status] [27152] Disabled runtime features: undefined"}}
[debug] [2023-05-01T20:07:53.057Z] [runtime-status] [27152] Resolved module firebase-admin {"declared":true,"installed":true,"version":"9.12.0","resolution":"D:\\Projects\\3.portfolio\\portfolio-api\\functions\\node_modules\\firebase-admin\\lib\\index.js"} {"metadata":{"emulator":{"name":"functions"},"message":"[runtime-status] [27152] Resolved module firebase-admin {\"declared\":true,\"installed\":true,\"version\":\"9.12.0\",\"resolution\":\"D:\\\\Projects\\\\3.portfolio\\\\portfolio-api\\\\functions\\\\node_modules\\\\firebase-admin\\\\lib\\\\index.js\"}"}}
[debug] [2023-05-01T20:07:53.062Z] [runtime-status] [27152] Resolved module firebase-functions {"declared":true,"installed":true,"version":"3.16.0","resolution":"D:\\Projects\\3.portfolio\\portfolio-api\\functions\\node_modules\\firebase-functions\\lib\\index.js"} {"metadata":{"emulator":{"name":"functions"},"message":"[runtime-status] [27152] Resolved module firebase-functions {\"declared\":true,\"installed\":true,\"version\":\"3.16.0\",\"resolution\":\"D:\\\\Projects\\\\3.portfolio\\\\portfolio-api\\\\functions\\\\node_modules\\\\firebase-functions\\\\lib\\\\index.js\"}"}}
[debug] [2023-05-01T20:07:53.064Z] [runtime-status] [27152] Outgoing network have been stubbed. [{"name":"http","status":"mocked"},{"name":"http","status":"mocked"},{"name":"https","status":"mocked"},{"name":"https","status":"mocked"},{"name":"net","status":"mocked"}] {"metadata":{"emulator":{"name":"functions"},"message":"[runtime-status] [27152] Outgoing network have been stubbed. [{\"name\":\"http\",\"status\":\"mocked\"},{\"name\":\"http\",\"status\":\"mocked\"},{\"name\":\"https\",\"status\":\"mocked\"},{\"name\":\"https\",\"status\":\"mocked\"},{\"name\":\"net\",\"status\":\"mocked\"}]"}}
[debug] [2023-05-01T20:07:53.066Z] [runtime-status] [27152] Resolved module firebase-functions {"declared":true,"installed":true,"version":"3.16.0","resolution":"D:\\Projects\\3.portfolio\\portfolio-api\\functions\\node_modules\\firebase-functions\\lib\\index.js"} {"metadata":{"emulator":{"name":"functions"},"message":"[runtime-status] [27152] Resolved module firebase-functions {\"declared\":true,\"installed\":true,\"version\":\"3.16.0\",\"resolution\":\"D:\\\\Projects\\\\3.portfolio\\\\portfolio-api\\\\functions\\\\node_modules\\\\firebase-functions\\\\lib\\\\index.js\"}"}}
[debug] [2023-05-01T20:07:53.170Z] [runtime-status] [27152] Checked functions.config() {"config":{}} {"metadata":{"emulator":{"name":"functions"},"message":"[runtime-status] [27152] Checked functions.config() {\"config\":{}}"}}
[debug] [2023-05-01T20:07:53.171Z] [runtime-status] [27152] firebase-functions has been stubbed. {"functionsResolution":{"declared":true,"installed":true,"version":"3.16.0","resolution":"D:\\Projects\\3.portfolio\\portfolio-api\\functions\\node_modules\\firebase-functions\\lib\\index.js"}} {"metadata":{"emulator":{"name":"functions"},"message":"[runtime-status] [27152] firebase-functions has been stubbed. {\"functionsResolution\":{\"declared\":true,\"installed\":true,\"version\":\"3.16.0\",\"resolution\":\"D:\\\\Projects\\\\3.portfolio\\\\portfolio-api\\\\functions\\\\node_modules\\\\firebase-functions\\\\lib\\\\index.js\"}}"}}
[debug] [2023-05-01T20:07:53.173Z] [runtime-status] [27152] Resolved module firebase-functions {"declared":true,"installed":true,"version":"3.16.0","resolution":"D:\\Projects\\3.portfolio\\portfolio-api\\functions\\node_modules\\firebase-functions\\lib\\index.js"} {"metadata":{"emulator":{"name":"functions"},"message":"[runtime-status] [27152] Resolved module firebase-functions {\"declared\":true,\"installed\":true,\"version\":\"3.16.0\",\"resolution\":\"D:\\\\Projects\\\\3.portfolio\\\\portfolio-api\\\\functions\\\\node_modules\\\\firebase-functions\\\\lib\\\\index.js\"}"}}
[debug] [2023-05-01T20:07:53.176Z] [runtime-status] [27152] Resolved module firebase-admin {"declared":true,"installed":true,"version":"9.12.0","resolution":"D:\\Projects\\3.portfolio\\portfolio-api\\functions\\node_modules\\firebase-admin\\lib\\index.js"} {"metadata":{"emulator":{"name":"functions"},"message":"[runtime-status] [27152] Resolved module firebase-admin {\"declared\":true,\"installed\":true,\"version\":\"9.12.0\",\"resolution\":\"D:\\\\Projects\\\\3.portfolio\\\\portfolio-api\\\\functions\\\\node_modules\\\\firebase-admin\\\\lib\\\\index.js\"}"}}
[debug] [2023-05-01T20:07:53.177Z] [runtime-status] [27152] Resolved module firebase-functions {"declared":true,"installed":true,"version":"3.16.0","resolution":"D:\\Projects\\3.portfolio\\portfolio-api\\functions\\node_modules\\firebase-functions\\lib\\index.js"} {"metadata":{"emulator":{"name":"functions"},"message":"[runtime-status] [27152] Resolved module firebase-functions {\"declared\":true,\"installed\":true,\"version\":\"3.16.0\",\"resolution\":\"D:\\\\Projects\\\\3.portfolio\\\\portfolio-api\\\\functions\\\\node_modules\\\\firebase-functions\\\\lib\\\\index.js\"}"}}
[debug] [2023-05-01T20:07:53.178Z] [runtime-status] [27152] firebase-admin has been stubbed. {"adminResolution":{"declared":true,"installed":true,"version":"9.12.0","resolution":"D:\\Projects\\3.portfolio\\portfolio-api\\functions\\node_modules\\firebase-admin\\lib\\index.js"}} {"metadata":{"emulator":{"name":"functions"},"message":"[runtime-status] [27152] firebase-admin has been stubbed. {\"adminResolution\":{\"declared\":true,\"installed\":true,\"version\":\"9.12.0\",\"resolution\":\"D:\\\\Projects\\\\3.portfolio\\\\portfolio-api\\\\functions\\\\node_modules\\\\firebase-admin\\\\lib\\\\index.js\"}}"}}
[info] +  functions[us-central1-app]: http function initialized (http://localhost:5001/portfolio-api-dansep/us-central1/app). {"metadata":{"emulator":{"name":"functions"},"message":"\u001b[1mhttp\u001b[22m function initialized (http://localhost:5001/portfolio-api-dansep/us-central1/app)."}}
[info] 
┌─────────────────────────────────────────────────────────────┐
│ ✔  All emulators ready! It is now safe to connect your app. │
│ i  View Emulator UI at http://localhost:4000                │
└─────────────────────────────────────────────────────────────┘

┌───────────┬────────────────┬─────────────────────────────────┐
│ Emulator  │ Host:Port      │ View in Emulator UI             │
├───────────┼────────────────┼─────────────────────────────────┤
│ Functions │ localhost:5001 │ http://localhost:4000/functions │
└───────────┴────────────────┴─────────────────────────────────┘
  Emulator Hub running at localhost:4400
  Other reserved ports: 4500

Issues? Report them at https://github.com/firebase/firebase-tools/issues and attach the *-debug.log files.
 
[debug] [2023-05-01T20:07:54.270Z] [worker-~diagnostic~-c8772cd6-327c-493e-9c25-b28f88e30ac7]: IDLE {"metadata":{"emulator":{"name":"functions"},"message":"[worker-~diagnostic~-c8772cd6-327c-493e-9c25-b28f88e30ac7]: IDLE"}}
[info] >  Database connected {"user":"Database connected","metadata":{"emulator":{"name":"functions"},"message":"\u001b[90m> \u001b[39m Database connected"}}
[debug] [2023-05-01T20:10:00.137Z] [work-queue] {"queueLength":1,"workRunningCount":0}
[debug] [2023-05-01T20:10:00.137Z] [work-queue] {"queueLength":0,"workRunningCount":1}
[debug] [2023-05-01T20:10:00.138Z] Accepted request GET /portfolio-api-dansep/us-central1/app --> us-central1-app
[debug] [2023-05-01T20:10:00.152Z] [worker-pool] addWorker(us-central1-app) {"metadata":{"emulator":{"name":"functions"},"message":"[worker-pool] addWorker(us-central1-app)"}}
[debug] [2023-05-01T20:10:00.153Z] [worker-pool] Adding worker with key us-central1-app, total=1 {"metadata":{"emulator":{"name":"functions"},"message":"[worker-pool] Adding worker with key us-central1-app, total=1"}}
[debug] [2023-05-01T20:10:00.153Z] [worker-pool] submitWork(triggerId=us-central1-app) {"metadata":{"emulator":{"name":"functions"},"message":"[worker-pool] submitWork(triggerId=us-central1-app)"}}
[debug] [2023-05-01T20:10:00.153Z] [worker-us-central1-app-4fd1862e-b28d-4d62-9b09-e40db84720e8]: Assigning socketPath: \\?\pipe\D:\Projects\3.portfolio\portfolio-api\functions\22708 {"metadata":{"emulator":{"name":"functions"},"message":"[worker-us-central1-app-4fd1862e-b28d-4d62-9b09-e40db84720e8]: Assigning socketPath: \\\\?\\pipe\\D:\\Projects\\3.portfolio\\portfolio-api\\functions\\22708"}}
[debug] [2023-05-01T20:10:00.154Z] [worker-us-central1-app-4fd1862e-b28d-4d62-9b09-e40db84720e8]: BUSY {"metadata":{"emulator":{"name":"functions"},"message":"[worker-us-central1-app-4fd1862e-b28d-4d62-9b09-e40db84720e8]: BUSY"}}
[debug] [2023-05-01T20:10:00.626Z] [runtime-status] [22708] Functions runtime initialized. {"cwd":"D:\\Projects\\3.portfolio\\portfolio-api\\functions","node_version":"16.13.1"} {"metadata":{"emulator":{"name":"functions"},"function":{"name":"us-central1-app"},"message":"[runtime-status] [22708] Functions runtime initialized. {\"cwd\":\"D:\\\\Projects\\\\3.portfolio\\\\portfolio-api\\\\functions\",\"node_version\":\"16.13.1\"}"}}
[debug] [2023-05-01T20:10:00.627Z] [runtime-status] [22708] Disabled runtime features: undefined {"metadata":{"emulator":{"name":"functions"},"function":{"name":"us-central1-app"},"message":"[runtime-status] [22708] Disabled runtime features: undefined"}}
[debug] [2023-05-01T20:10:00.635Z] [runtime-status] [22708] Resolved module firebase-admin {"declared":true,"installed":true,"version":"9.12.0","resolution":"D:\\Projects\\3.portfolio\\portfolio-api\\functions\\node_modules\\firebase-admin\\lib\\index.js"} {"metadata":{"emulator":{"name":"functions"},"function":{"name":"us-central1-app"},"message":"[runtime-status] [22708] Resolved module firebase-admin {\"declared\":true,\"installed\":true,\"version\":\"9.12.0\",\"resolution\":\"D:\\\\Projects\\\\3.portfolio\\\\portfolio-api\\\\functions\\\\node_modules\\\\firebase-admin\\\\lib\\\\index.js\"}"}}
[debug] [2023-05-01T20:10:00.642Z] [runtime-status] [22708] Resolved module firebase-functions {"declared":true,"installed":true,"version":"3.16.0","resolution":"D:\\Projects\\3.portfolio\\portfolio-api\\functions\\node_modules\\firebase-functions\\lib\\index.js"} {"metadata":{"emulator":{"name":"functions"},"function":{"name":"us-central1-app"},"message":"[runtime-status] [22708] Resolved module firebase-functions {\"declared\":true,\"installed\":true,\"version\":\"3.16.0\",\"resolution\":\"D:\\\\Projects\\\\3.portfolio\\\\portfolio-api\\\\functions\\\\node_modules\\\\firebase-functions\\\\lib\\\\index.js\"}"}}
[debug] [2023-05-01T20:10:00.645Z] [runtime-status] [22708] Outgoing network have been stubbed. [{"name":"http","status":"mocked"},{"name":"http","status":"mocked"},{"name":"https","status":"mocked"},{"name":"https","status":"mocked"},{"name":"net","status":"mocked"}] {"metadata":{"emulator":{"name":"functions"},"function":{"name":"us-central1-app"},"message":"[runtime-status] [22708] Outgoing network have been stubbed. [{\"name\":\"http\",\"status\":\"mocked\"},{\"name\":\"http\",\"status\":\"mocked\"},{\"name\":\"https\",\"status\":\"mocked\"},{\"name\":\"https\",\"status\":\"mocked\"},{\"name\":\"net\",\"status\":\"mocked\"}]"}}
[debug] [2023-05-01T20:10:00.647Z] [runtime-status] [22708] Resolved module firebase-functions {"declared":true,"installed":true,"version":"3.16.0","resolution":"D:\\Projects\\3.portfolio\\portfolio-api\\functions\\node_modules\\firebase-functions\\lib\\index.js"} {"metadata":{"emulator":{"name":"functions"},"function":{"name":"us-central1-app"},"message":"[runtime-status] [22708] Resolved module firebase-functions {\"declared\":true,\"installed\":true,\"version\":\"3.16.0\",\"resolution\":\"D:\\\\Projects\\\\3.portfolio\\\\portfolio-api\\\\functions\\\\node_modules\\\\firebase-functions\\\\lib\\\\index.js\"}"}}
[debug] [2023-05-01T20:10:00.747Z] [runtime-status] [22708] Checked functions.config() {"config":{}} {"metadata":{"emulator":{"name":"functions"},"function":{"name":"us-central1-app"},"message":"[runtime-status] [22708] Checked functions.config() {\"config\":{}}"}}
[debug] [2023-05-01T20:10:00.747Z] [runtime-status] [22708] firebase-functions has been stubbed. {"functionsResolution":{"declared":true,"installed":true,"version":"3.16.0","resolution":"D:\\Projects\\3.portfolio\\portfolio-api\\functions\\node_modules\\firebase-functions\\lib\\index.js"}} {"metadata":{"emulator":{"name":"functions"},"function":{"name":"us-central1-app"},"message":"[runtime-status] [22708] firebase-functions has been stubbed. {\"functionsResolution\":{\"declared\":true,\"installed\":true,\"version\":\"3.16.0\",\"resolution\":\"D:\\\\Projects\\\\3.portfolio\\\\portfolio-api\\\\functions\\\\node_modules\\\\firebase-functions\\\\lib\\\\index.js\"}}"}}
[debug] [2023-05-01T20:10:00.750Z] [runtime-status] [22708] Resolved module firebase-functions {"declared":true,"installed":true,"version":"3.16.0","resolution":"D:\\Projects\\3.portfolio\\portfolio-api\\functions\\node_modules\\firebase-functions\\lib\\index.js"} {"metadata":{"emulator":{"name":"functions"},"function":{"name":"us-central1-app"},"message":"[runtime-status] [22708] Resolved module firebase-functions {\"declared\":true,\"installed\":true,\"version\":\"3.16.0\",\"resolution\":\"D:\\\\Projects\\\\3.portfolio\\\\portfolio-api\\\\functions\\\\node_modules\\\\firebase-functions\\\\lib\\\\index.js\"}"}}
[debug] [2023-05-01T20:10:00.753Z] [runtime-status] [22708] Resolved module firebase-admin {"declared":true,"installed":true,"version":"9.12.0","resolution":"D:\\Projects\\3.portfolio\\portfolio-api\\functions\\node_modules\\firebase-admin\\lib\\index.js"} {"metadata":{"emulator":{"name":"functions"},"function":{"name":"us-central1-app"},"message":"[runtime-status] [22708] Resolved module firebase-admin {\"declared\":true,\"installed\":true,\"version\":\"9.12.0\",\"resolution\":\"D:\\\\Projects\\\\3.portfolio\\\\portfolio-api\\\\functions\\\\node_modules\\\\firebase-admin\\\\lib\\\\index.js\"}"}}
[debug] [2023-05-01T20:10:00.755Z] [runtime-status] [22708] Resolved module firebase-functions {"declared":true,"installed":true,"version":"3.16.0","resolution":"D:\\Projects\\3.portfolio\\portfolio-api\\functions\\node_modules\\firebase-functions\\lib\\index.js"} {"metadata":{"emulator":{"name":"functions"},"function":{"name":"us-central1-app"},"message":"[runtime-status] [22708] Resolved module firebase-functions {\"declared\":true,\"installed\":true,\"version\":\"3.16.0\",\"resolution\":\"D:\\\\Projects\\\\3.portfolio\\\\portfolio-api\\\\functions\\\\node_modules\\\\firebase-functions\\\\lib\\\\index.js\"}"}}
[debug] [2023-05-01T20:10:00.755Z] [runtime-status] [22708] firebase-admin has been stubbed. {"adminResolution":{"declared":true,"installed":true,"version":"9.12.0","resolution":"D:\\Projects\\3.portfolio\\portfolio-api\\functions\\node_modules\\firebase-admin\\lib\\index.js"}} {"metadata":{"emulator":{"name":"functions"},"function":{"name":"us-central1-app"},"message":"[runtime-status] [22708] firebase-admin has been stubbed. {\"adminResolution\":{\"declared\":true,\"installed\":true,\"version\":\"9.12.0\",\"resolution\":\"D:\\\\Projects\\\\3.portfolio\\\\portfolio-api\\\\functions\\\\node_modules\\\\firebase-admin\\\\lib\\\\index.js\"}}"}}
[debug] [2023-05-01T20:10:02.096Z] [runtime-status] [22708] Trigger "us-central1-app" has been found, beginning invocation! {"metadata":{"emulator":{"name":"functions"},"function":{"name":"us-central1-app"},"message":"[runtime-status] [22708] Trigger \"us-central1-app\" has been found, beginning invocation!"}}
[info] i  functions: Beginning execution of "us-central1-app" {"metadata":{"emulator":{"name":"functions"},"function":{"name":"us-central1-app"},"message":"Beginning execution of \"us-central1-app\""}}
[debug] [2023-05-01T20:10:02.099Z] [runtime-status] [22708] triggerDefinition {"httpsTrigger":{},"name":"app","entryPoint":"app","regions":["us-central1"],"region":"us-central1","id":"us-central1-app"} {"metadata":{"emulator":{"name":"functions"},"function":{"name":"us-central1-app"},"message":"[runtime-status] [22708] triggerDefinition {\"httpsTrigger\":{},\"name\":\"app\",\"entryPoint\":\"app\",\"regions\":[\"us-central1\"],\"region\":\"us-central1\",\"id\":\"us-central1-app\"}"}}
[debug] [2023-05-01T20:10:02.100Z] [runtime-status] [22708] Running us-central1-app in signature http {"metadata":{"emulator":{"name":"functions"},"function":{"name":"us-central1-app"},"message":"[runtime-status] [22708] Running us-central1-app in signature http"}}
[debug] [2023-05-01T20:10:02.162Z] [runtime-status] [22708] Attempting to listen to socketPath: \\?\pipe\D:\Projects\3.portfolio\portfolio-api\functions\22708 {"metadata":{"emulator":{"name":"functions"},"function":{"name":"us-central1-app"},"message":"[runtime-status] [22708] Attempting to listen to socketPath: \\\\?\\pipe\\D:\\Projects\\3.portfolio\\portfolio-api\\functions\\22708"}}
[debug] [2023-05-01T20:10:02.169Z] [functions] Runtime ready! Sending request! {"metadata":{"emulator":{"name":"functions"},"message":"[functions] Runtime ready! Sending request!"}}
[debug] [2023-05-01T20:10:02.170Z] [functions] Got req.url=/portfolio-api-dansep/us-central1/app, mapping to path=/ {"metadata":{"emulator":{"name":"functions"},"message":"[functions] Got req.url=/portfolio-api-dansep/us-central1/app, mapping to path=/"}}
[debug] [2023-05-01T20:10:02.183Z] [runtime-status] [22708] Ephemeral server handling GET request {"metadata":{"emulator":{"name":"functions"},"function":{"name":"us-central1-app"},"message":"[runtime-status] [22708] Ephemeral server handling GET request"}}
[debug] [2023-05-01T20:10:02.194Z] [runtime-status] [22708] Ephemeral server survived. {"metadata":{"emulator":{"name":"functions"},"function":{"name":"us-central1-app"},"message":"[runtime-status] [22708] Ephemeral server survived."}}
[info] i  functions: Finished "us-central1-app" in ~1s {"metadata":{"emulator":{"name":"functions"},"function":{"name":"us-central1-app"},"message":"Finished \"us-central1-app\" in ~1s"}}
[debug] [2023-05-01T20:10:02.199Z] [worker-us-central1-app-4fd1862e-b28d-4d62-9b09-e40db84720e8]: IDLE {"metadata":{"emulator":{"name":"functions"},"message":"[worker-us-central1-app-4fd1862e-b28d-4d62-9b09-e40db84720e8]: IDLE"}}
[debug] [2023-05-01T20:10:02.200Z] [work-queue] {"queueLength":0,"workRunningCount":0}
[info] >  Database connected {"user":"Database connected","metadata":{"emulator":{"name":"functions"},"function":{"name":"us-central1-app"},"message":"\u001b[90m> \u001b[39m Database connected"}}
[debug] [2023-05-01T20:10:09.226Z] [work-queue] {"queueLength":1,"workRunningCount":0}
[debug] [2023-05-01T20:10:09.227Z] [work-queue] {"queueLength":0,"workRunningCount":1}
[debug] [2023-05-01T20:10:09.227Z] Accepted request GET /portfolio-api-dansep/us-central1/app/api/technologies --> us-central1-app
[debug] [2023-05-01T20:10:09.227Z] [worker-pool] submitWork(triggerId=us-central1-app) {"metadata":{"emulator":{"name":"functions"},"message":"[worker-pool] submitWork(triggerId=us-central1-app)"}}
[debug] [2023-05-01T20:10:09.227Z] [worker-us-central1-app-4fd1862e-b28d-4d62-9b09-e40db84720e8]: Assigning socketPath: \\?\pipe\D:\Projects\3.portfolio\portfolio-api\functions\22708 {"metadata":{"emulator":{"name":"functions"},"message":"[worker-us-central1-app-4fd1862e-b28d-4d62-9b09-e40db84720e8]: Assigning socketPath: \\\\?\\pipe\\D:\\Projects\\3.portfolio\\portfolio-api\\functions\\22708"}}
[debug] [2023-05-01T20:10:09.228Z] [worker-us-central1-app-4fd1862e-b28d-4d62-9b09-e40db84720e8]: BUSY {"metadata":{"emulator":{"name":"functions"},"message":"[worker-us-central1-app-4fd1862e-b28d-4d62-9b09-e40db84720e8]: BUSY"}}
[debug] [2023-05-01T20:10:09.228Z] [runtime-status] [22708] Trigger "us-central1-app" has been found, beginning invocation! {"metadata":{"emulator":{"name":"functions"},"function":{"name":"us-central1-app"},"message":"[runtime-status] [22708] Trigger \"us-central1-app\" has been found, beginning invocation!"}}
[info] i  functions: Beginning execution of "us-central1-app" {"metadata":{"emulator":{"name":"functions"},"function":{"name":"us-central1-app"},"message":"Beginning execution of \"us-central1-app\""}}
[debug] [2023-05-01T20:10:09.231Z] [runtime-status] [22708] triggerDefinition {"httpsTrigger":{},"name":"app","entryPoint":"app","regions":["us-central1"],"region":"us-central1","id":"us-central1-app"} {"metadata":{"emulator":{"name":"functions"},"function":{"name":"us-central1-app"},"message":"[runtime-status] [22708] triggerDefinition {\"httpsTrigger\":{},\"name\":\"app\",\"entryPoint\":\"app\",\"regions\":[\"us-central1\"],\"region\":\"us-central1\",\"id\":\"us-central1-app\"}"}}
[debug] [2023-05-01T20:10:09.231Z] [runtime-status] [22708] Running us-central1-app in signature http {"metadata":{"emulator":{"name":"functions"},"function":{"name":"us-central1-app"},"message":"[runtime-status] [22708] Running us-central1-app in signature http"}}
[debug] [2023-05-01T20:10:09.231Z] [runtime-status] [22708] Attempting to listen to socketPath: \\?\pipe\D:\Projects\3.portfolio\portfolio-api\functions\22708 {"metadata":{"emulator":{"name":"functions"},"function":{"name":"us-central1-app"},"message":"[runtime-status] [22708] Attempting to listen to socketPath: \\\\?\\pipe\\D:\\Projects\\3.portfolio\\portfolio-api\\functions\\22708"}}
[debug] [2023-05-01T20:10:09.233Z] [functions] Runtime ready! Sending request! {"metadata":{"emulator":{"name":"functions"},"message":"[functions] Runtime ready! Sending request!"}}
[debug] [2023-05-01T20:10:09.234Z] [functions] Got req.url=/portfolio-api-dansep/us-central1/app/api/technologies, mapping to path=/api/technologies {"metadata":{"emulator":{"name":"functions"},"message":"[functions] Got req.url=/portfolio-api-dansep/us-central1/app/api/technologies, mapping to path=/api/technologies"}}
[debug] [2023-05-01T20:10:09.239Z] [runtime-status] [22708] Ephemeral server handling GET request {"metadata":{"emulator":{"name":"functions"},"function":{"name":"us-central1-app"},"message":"[runtime-status] [22708] Ephemeral server handling GET request"}}
[debug] [2023-05-01T20:10:09.242Z] [runtime-status] [22708] Ephemeral server survived. {"metadata":{"emulator":{"name":"functions"},"function":{"name":"us-central1-app"},"message":"[runtime-status] [22708] Ephemeral server survived."}}
[info] i  functions: Finished "us-central1-app" in ~1s {"metadata":{"emulator":{"name":"functions"},"function":{"name":"us-central1-app"},"message":"Finished \"us-central1-app\" in ~1s"}}
[debug] [2023-05-01T20:10:09.418Z] [worker-us-central1-app-4fd1862e-b28d-4d62-9b09-e40db84720e8]: IDLE {"metadata":{"emulator":{"name":"functions"},"message":"[worker-us-central1-app-4fd1862e-b28d-4d62-9b09-e40db84720e8]: IDLE"}}
[debug] [2023-05-01T20:10:09.419Z] [work-queue] {"queueLength":0,"workRunningCount":0}
[debug] [2023-05-01T20:10:09.962Z] Functions emulator received unknown request at path /favicon.ico
[debug] [2023-05-01T20:10:22.723Z] [work-queue] {"queueLength":1,"workRunningCount":0}
[debug] [2023-05-01T20:10:22.724Z] [work-queue] {"queueLength":0,"workRunningCount":1}
[debug] [2023-05-01T20:10:22.724Z] Accepted request GET /portfolio-api-dansep/us-central1/app/api/technologies --> us-central1-app
[debug] [2023-05-01T20:10:22.724Z] [worker-pool] submitWork(triggerId=us-central1-app) {"metadata":{"emulator":{"name":"functions"},"message":"[worker-pool] submitWork(triggerId=us-central1-app)"}}
[debug] [2023-05-01T20:10:22.724Z] [worker-us-central1-app-4fd1862e-b28d-4d62-9b09-e40db84720e8]: Assigning socketPath: \\?\pipe\D:\Projects\3.portfolio\portfolio-api\functions\22708 {"metadata":{"emulator":{"name":"functions"},"message":"[worker-us-central1-app-4fd1862e-b28d-4d62-9b09-e40db84720e8]: Assigning socketPath: \\\\?\\pipe\\D:\\Projects\\3.portfolio\\portfolio-api\\functions\\22708"}}
[debug] [2023-05-01T20:10:22.724Z] [worker-us-central1-app-4fd1862e-b28d-4d62-9b09-e40db84720e8]: BUSY {"metadata":{"emulator":{"name":"functions"},"message":"[worker-us-central1-app-4fd1862e-b28d-4d62-9b09-e40db84720e8]: BUSY"}}
[debug] [2023-05-01T20:10:22.725Z] [runtime-status] [22708] Trigger "us-central1-app" has been found, beginning invocation! {"metadata":{"emulator":{"name":"functions"},"function":{"name":"us-central1-app"},"message":"[runtime-status] [22708] Trigger \"us-central1-app\" has been found, beginning invocation!"}}
[info] i  functions: Beginning execution of "us-central1-app" {"metadata":{"emulator":{"name":"functions"},"function":{"name":"us-central1-app"},"message":"Beginning execution of \"us-central1-app\""}}
[debug] [2023-05-01T20:10:22.728Z] [runtime-status] [22708] triggerDefinition {"httpsTrigger":{},"name":"app","entryPoint":"app","regions":["us-central1"],"region":"us-central1","id":"us-central1-app"} {"metadata":{"emulator":{"name":"functions"},"function":{"name":"us-central1-app"},"message":"[runtime-status] [22708] triggerDefinition {\"httpsTrigger\":{},\"name\":\"app\",\"entryPoint\":\"app\",\"regions\":[\"us-central1\"],\"region\":\"us-central1\",\"id\":\"us-central1-app\"}"}}
[debug] [2023-05-01T20:10:22.729Z] [runtime-status] [22708] Running us-central1-app in signature http {"metadata":{"emulator":{"name":"functions"},"function":{"name":"us-central1-app"},"message":"[runtime-status] [22708] Running us-central1-app in signature http"}}
[debug] [2023-05-01T20:10:22.729Z] [runtime-status] [22708] Attempting to listen to socketPath: \\?\pipe\D:\Projects\3.portfolio\portfolio-api\functions\22708 {"metadata":{"emulator":{"name":"functions"},"function":{"name":"us-central1-app"},"message":"[runtime-status] [22708] Attempting to listen to socketPath: \\\\?\\pipe\\D:\\Projects\\3.portfolio\\portfolio-api\\functions\\22708"}}
[debug] [2023-05-01T20:10:22.731Z] [functions] Runtime ready! Sending request! {"metadata":{"emulator":{"name":"functions"},"message":"[functions] Runtime ready! Sending request!"}}
[debug] [2023-05-01T20:10:22.731Z] [functions] Got req.url=/portfolio-api-dansep/us-central1/app/api/technologies, mapping to path=/api/technologies {"metadata":{"emulator":{"name":"functions"},"message":"[functions] Got req.url=/portfolio-api-dansep/us-central1/app/api/technologies, mapping to path=/api/technologies"}}
[debug] [2023-05-01T20:10:22.736Z] [runtime-status] [22708] Ephemeral server handling GET request {"metadata":{"emulator":{"name":"functions"},"function":{"name":"us-central1-app"},"message":"[runtime-status] [22708] Ephemeral server handling GET request"}}
[debug] [2023-05-01T20:10:22.738Z] [runtime-status] [22708] Ephemeral server survived. {"metadata":{"emulator":{"name":"functions"},"function":{"name":"us-central1-app"},"message":"[runtime-status] [22708] Ephemeral server survived."}}
[info] i  functions: Finished "us-central1-app" in ~1s {"metadata":{"emulator":{"name":"functions"},"function":{"name":"us-central1-app"},"message":"Finished \"us-central1-app\" in ~1s"}}
[debug] [2023-05-01T20:10:22.899Z] [worker-us-central1-app-4fd1862e-b28d-4d62-9b09-e40db84720e8]: IDLE {"metadata":{"emulator":{"name":"functions"},"message":"[worker-us-central1-app-4fd1862e-b28d-4d62-9b09-e40db84720e8]: IDLE"}}
[debug] [2023-05-01T20:10:22.899Z] [work-queue] {"queueLength":0,"workRunningCount":0}
[debug] [2023-05-01T20:10:27.541Z] [work-queue] {"queueLength":1,"workRunningCount":0}
[debug] [2023-05-01T20:10:27.542Z] [work-queue] {"queueLength":0,"workRunningCount":1}
[debug] [2023-05-01T20:10:27.542Z] Accepted request GET /portfolio-api-dansep/us-central1/app/api/technologies --> us-central1-app
[debug] [2023-05-01T20:10:27.543Z] [worker-pool] submitWork(triggerId=us-central1-app) {"metadata":{"emulator":{"name":"functions"},"message":"[worker-pool] submitWork(triggerId=us-central1-app)"}}
[debug] [2023-05-01T20:10:27.543Z] [worker-us-central1-app-4fd1862e-b28d-4d62-9b09-e40db84720e8]: Assigning socketPath: \\?\pipe\D:\Projects\3.portfolio\portfolio-api\functions\22708 {"metadata":{"emulator":{"name":"functions"},"message":"[worker-us-central1-app-4fd1862e-b28d-4d62-9b09-e40db84720e8]: Assigning socketPath: \\\\?\\pipe\\D:\\Projects\\3.portfolio\\portfolio-api\\functions\\22708"}}
[debug] [2023-05-01T20:10:27.544Z] [worker-us-central1-app-4fd1862e-b28d-4d62-9b09-e40db84720e8]: BUSY {"metadata":{"emulator":{"name":"functions"},"message":"[worker-us-central1-app-4fd1862e-b28d-4d62-9b09-e40db84720e8]: BUSY"}}
[debug] [2023-05-01T20:10:27.545Z] [runtime-status] [22708] Trigger "us-central1-app" has been found, beginning invocation! {"metadata":{"emulator":{"name":"functions"},"function":{"name":"us-central1-app"},"message":"[runtime-status] [22708] Trigger \"us-central1-app\" has been found, beginning invocation!"}}
[info] i  functions: Beginning execution of "us-central1-app" {"metadata":{"emulator":{"name":"functions"},"function":{"name":"us-central1-app"},"message":"Beginning execution of \"us-central1-app\""}}
[debug] [2023-05-01T20:10:27.547Z] [runtime-status] [22708] triggerDefinition {"httpsTrigger":{},"name":"app","entryPoint":"app","regions":["us-central1"],"region":"us-central1","id":"us-central1-app"} {"metadata":{"emulator":{"name":"functions"},"function":{"name":"us-central1-app"},"message":"[runtime-status] [22708] triggerDefinition {\"httpsTrigger\":{},\"name\":\"app\",\"entryPoint\":\"app\",\"regions\":[\"us-central1\"],\"region\":\"us-central1\",\"id\":\"us-central1-app\"}"}}
[debug] [2023-05-01T20:10:27.547Z] [runtime-status] [22708] Running us-central1-app in signature http {"metadata":{"emulator":{"name":"functions"},"function":{"name":"us-central1-app"},"message":"[runtime-status] [22708] Running us-central1-app in signature http"}}
[debug] [2023-05-01T20:10:27.548Z] [runtime-status] [22708] Attempting to listen to socketPath: \\?\pipe\D:\Projects\3.portfolio\portfolio-api\functions\22708 {"metadata":{"emulator":{"name":"functions"},"function":{"name":"us-central1-app"},"message":"[runtime-status] [22708] Attempting to listen to socketPath: \\\\?\\pipe\\D:\\Projects\\3.portfolio\\portfolio-api\\functions\\22708"}}
[debug] [2023-05-01T20:10:27.550Z] [functions] Runtime ready! Sending request! {"metadata":{"emulator":{"name":"functions"},"message":"[functions] Runtime ready! Sending request!"}}
[debug] [2023-05-01T20:10:27.550Z] [functions] Got req.url=/portfolio-api-dansep/us-central1/app/api/technologies, mapping to path=/api/technologies {"metadata":{"emulator":{"name":"functions"},"message":"[functions] Got req.url=/portfolio-api-dansep/us-central1/app/api/technologies, mapping to path=/api/technologies"}}
[debug] [2023-05-01T20:10:27.555Z] [runtime-status] [22708] Ephemeral server handling GET request {"metadata":{"emulator":{"name":"functions"},"function":{"name":"us-central1-app"},"message":"[runtime-status] [22708] Ephemeral server handling GET request"}}
[debug] [2023-05-01T20:10:27.556Z] [runtime-status] [22708] Ephemeral server survived. {"metadata":{"emulator":{"name":"functions"},"function":{"name":"us-central1-app"},"message":"[runtime-status] [22708] Ephemeral server survived."}}
[info] i  functions: Finished "us-central1-app" in ~1s {"metadata":{"emulator":{"name":"functions"},"function":{"name":"us-central1-app"},"message":"Finished \"us-central1-app\" in ~1s"}}
[debug] [2023-05-01T20:10:27.719Z] [worker-us-central1-app-4fd1862e-b28d-4d62-9b09-e40db84720e8]: IDLE {"metadata":{"emulator":{"name":"functions"},"message":"[worker-us-central1-app-4fd1862e-b28d-4d62-9b09-e40db84720e8]: IDLE"}}
[debug] [2023-05-01T20:10:27.719Z] [work-queue] {"queueLength":0,"workRunningCount":0}
[debug] [2023-05-01T20:50:30.126Z] [worker-us-central1-app-4fd1862e-b28d-4d62-9b09-e40db84720e8]: exited {"metadata":{"emulator":{"name":"functions"},"message":"[worker-us-central1-app-4fd1862e-b28d-4d62-9b09-e40db84720e8]: exited"}}
